<?xml version="1.0" encoding="UTF-8"?>
<!-- Generated by org.testng.reporters.JUnitReportReporter -->
<testsuite hostname="DreamSkater" failures="0" tests="3" name="baseClasses.Second" time="0.003" errors="0" timestamp="2023-05-15T17:14:25 EDT" skipped="0">
  <testcase classname="baseClasses.Second" name="seond" time="0.001"/>
  <system-out/>
  <testcase classname="baseClasses.Second" name="seond" time="0.001"/>
  <system-out/>
  <testcase classname="baseClasses.Second" name="seond" time="0.001"/>
  <system-out/>
</testsuite> <!-- baseClasses.Second -->
