<?xml version="1.0" encoding="UTF-8"?>
<!-- Generated by org.testng.reporters.JUnitReportReporter -->
<testsuite hostname="DreamSkater" failures="0" tests="3" name="baseClasses.First" time="0.012" errors="0" timestamp="2023-05-15T17:14:25 EDT" skipped="0">
  <testcase classname="baseClasses.First" name="first" time="0.009"/>
  <system-out/>
  <testcase classname="baseClasses.First" name="first" time="0.001"/>
  <system-out/>
  <testcase classname="baseClasses.First" name="first" time="0.002"/>
  <system-out/>
</testsuite> <!-- baseClasses.First -->
