<?xml version="1.0" encoding="UTF-8"?>
<!-- Generated by org.testng.reporters.JUnitReportReporter -->
<testsuite hostname="DreamSkater" failures="0" tests="2" name="baseClasses.FBPage" time="5.612" errors="0" timestamp="2023-05-15T17:14:25 EDT" skipped="0">
  <testcase classname="baseClasses.FBPage" name="demoTest" time="3.850"/>
  <system-out/>
  <testcase classname="baseClasses.FBPage" name="demoTest" time="1.762"/>
  <system-out/>
</testsuite> <!-- baseClasses.FBPage -->
