<?xml version="1.0" encoding="UTF-8"?>
<!-- Generated by org.testng.reporters.JUnitReportReporter -->
<testsuite hostname="DreamSkater" failures="0" tests="3" name="baseClasses.Third" time="0.004" errors="0" timestamp="2023-05-15T17:14:25 EDT" skipped="0">
  <testcase classname="baseClasses.Third" name="third" time="0.002"/>
  <system-out/>
  <testcase classname="baseClasses.Third" name="third" time="0.001"/>
  <system-out/>
  <testcase classname="baseClasses.Third" name="third" time="0.001"/>
  <system-out/>
</testsuite> <!-- baseClasses.Third -->
