<?xml version="1.0" encoding="UTF-8"?>
<!-- Generated by org.testng.reporters.JUnitReportReporter -->
<testsuite hostname="Amar" failures="0" tests="3" name="baseClasses.ThirdTest" time="0.005" errors="0" timestamp="2023-05-18T15:47:39 EDT" skipped="0">
  <testcase classname="baseClasses.ThirdTest" name="third" time="0.002"/>
  <system-out/>
  <testcase classname="baseClasses.ThirdTest" name="third" time="0.001"/>
  <system-out/>
  <testcase classname="baseClasses.ThirdTest" name="third" time="0.002"/>
  <system-out/>
</testsuite> <!-- baseClasses.ThirdTest -->
