<?xml version="1.0" encoding="UTF-8"?>
<!-- Generated by org.testng.reporters.JUnitReportReporter -->
<testsuite hostname="DreamSkater" failures="0" tests="3" name="baseClasses.SecondTest" time="0.004" errors="0" timestamp="2023-05-15T17:46:05 EDT" skipped="0">
  <testcase classname="baseClasses.SecondTest" name="seond" time="0.003"/>
  <system-out/>
  <testcase classname="baseClasses.SecondTest" name="seond" time="0.000"/>
  <system-out/>
  <testcase classname="baseClasses.SecondTest" name="seond" time="0.001"/>
  <system-out/>
</testsuite> <!-- baseClasses.SecondTest -->
