<?xml version="1.0" encoding="UTF-8"?>
<!-- Generated by org.testng.reporters.JUnitReportReporter -->
<testsuite hostname="Amar" failures="0" tests="3" name="baseClasses.SecondTest" time="0.010" errors="0" timestamp="2023-05-18T15:47:39 EDT" skipped="0">
  <testcase classname="baseClasses.SecondTest" name="seond" time="0.001"/>
  <system-out/>
  <testcase classname="baseClasses.SecondTest" name="seond" time="0.005"/>
  <system-out/>
  <testcase classname="baseClasses.SecondTest" name="seond" time="0.004"/>
  <system-out/>
</testsuite> <!-- baseClasses.SecondTest -->
