<?xml version="1.0" encoding="UTF-8"?>
<!-- Generated by org.testng.reporters.JUnitReportReporter -->
<testsuite hostname="Amar" failures="0" tests="3" name="baseClasses.FirstTest" time="15.034" errors="0" timestamp="2023-05-18T15:47:39 EDT" skipped="0">
  <testcase classname="baseClasses.FirstTest" name="first" time="5.001"/>
  <system-out/>
  <testcase classname="baseClasses.FirstTest" name="first" time="5.012"/>
  <system-out/>
  <testcase classname="baseClasses.FirstTest" name="first" time="5.021"/>
  <system-out/>
</testsuite> <!-- baseClasses.FirstTest -->
