<?xml version="1.0" encoding="UTF-8"?>
<!-- Generated by org.testng.reporters.JUnitReportReporter -->
<testsuite hostname="DreamSkater" failures="0" tests="3" name="baseClasses.FirstTest" time="15.020" errors="0" timestamp="2023-05-15T17:46:05 EDT" skipped="0">
  <testcase classname="baseClasses.FirstTest" name="first" time="5.006"/>
  <system-out/>
  <testcase classname="baseClasses.FirstTest" name="first" time="5.003"/>
  <system-out/>
  <testcase classname="baseClasses.FirstTest" name="first" time="5.011"/>
  <system-out/>
</testsuite> <!-- baseClasses.FirstTest -->
